# JRE version: OpenJDK Runtime Environment Microsoft-11926163 (17.0.16+8) (build 17.0.16+8-LTS)
# Java VM: OpenJDK 64-Bit Server VM Microsoft-11926163 (17.0.16+8-LTS, mixed mode, sharing, tiered, compressed oops, compressed class ptrs, g1 gc, windows-amd64)
GC Precious Log:
 CPUs: 4 total, 4 available
 Memory: 8042M
 Large Page Support: Disabled
 NUMA Support: Disabled
 Compressed Oops: Enabled (32-bit)
 Heap Region Size: 1M
 Heap Min Capacity: 8M
 Heap Initial Capacity: 126M
 Heap Max Capacity: 2G
 Pre-touch: Disabled
 Parallel Workers: 4
 Concurrent Workers: 1
 Concurrent Refinement Workers: 4
 Periodic GC: Disabled
Heap:
 garbage-first heap   total 412672K, used 272571K [0x0000000080000000, 0x0000000100000000)
  region size 1024K, 34 young (34816K), 8 survivors (8192K)
 Metaspace       used 124260K, committed 126144K, reserved 557056K
  class space    used 17035K, committed 17920K, reserved 425984K
GC Heap History (20 events):
Event: 117.689 GC heap before
{Heap before GC invocations=57 (full 0):
 garbage-first heap   total 412672K, used 331673K [0x0000000080000000, 0x0000000100000000)
  region size 1024K, 168 young (172032K), 15 survivors (15360K)
 Metaspace       used 107647K, committed 109184K, reserved 557056K
  class space    used 15061K, committed 15808K, reserved 425984K
}
Event: 117.758 GC heap after
{Heap after GC invocations=58 (full 0):
 garbage-first heap   total 412672K, used 189685K [0x0000000080000000, 0x0000000100000000)
  region size 1024K, 16 young (16384K), 16 survivors (16384K)
 Metaspace       used 107647K, committed 109184K, reserved 557056K
  class space    used 15061K, committed 15808K, reserved 425984K
}
Event: 127.719 GC heap before
{Heap before GC invocations=58 (full 0):
 garbage-first heap   total 412672K, used 329973K [0x0000000080000000, 0x0000000100000000)
  region size 1024K, 153 young (156672K), 16 survivors (16384K)
 Metaspace       used 110713K, committed 112384K, reserved 557056K
  class space    used 15525K, committed 16320K, reserved 425984K
}
Event: 127.768 GC heap after
{Heap after GC invocations=59 (full 0):
 garbage-first heap   total 412672K, used 197305K [0x0000000080000000, 0x0000000100000000)
  region size 1024K, 10 young (10240K), 10 survivors (10240K)
 Metaspace       used 110713K, committed 112384K, reserved 557056K
  class space    used 15525K, committed 16320K, reserved 425984K
}
Event: 137.106 GC heap before
{Heap before GC invocations=59 (full 0):
 garbage-first heap   total 412672K, used 333497K [0x0000000080000000, 0x0000000100000000)
  region size 1024K, 143 young (146432K), 10 survivors (10240K)
 Metaspace       used 116691K, committed 118464K, reserved 557056K
  class space    used 16285K, committed 17152K, reserved 425984K
}
Event: 137.178 GC heap after
{Heap after GC invocations=60 (full 0):
 garbage-first heap   total 412672K, used 213504K [0x0000000080000000, 0x0000000100000000)
  region size 1024K, 16 young (16384K), 16 survivors (16384K)
 Metaspace       used 116691K, committed 118464K, reserved 557056K
  class space    used 16285K, committed 17152K, reserved 425984K
}
Event: 143.538 GC heap before
{Heap before GC invocations=60 (full 0):
 garbage-first heap   total 412672K, used 336384K [0x0000000080000000, 0x0000000100000000)
  region size 1024K, 132 young (135168K), 16 survivors (16384K)
 Metaspace       used 119983K, committed 121792K, reserved 557056K
  class space    used 16536K, committed 17408K, reserved 425984K
}
Event: 143.610 GC heap after
{Heap after GC invocations=61 (full 0):
 garbage-first heap   total 412672K, used 225246K [0x0000000080000000, 0x0000000100000000)
  region size 1024K, 13 young (13312K), 13 survivors (13312K)
 Metaspace       used 119983K, committed 121792K, reserved 557056K
  class space    used 16536K, committed 17408K, reserved 425984K
}
Event: 145.782 GC heap before
{Heap before GC invocations=61 (full 0):
 garbage-first heap   total 412672K, used 332766K [0x0000000080000000, 0x0000000100000000)
  region size 1024K, 118 young (120832K), 13 survivors (13312K)
 Metaspace       used 119988K, committed 121792K, reserved 557056K
  class space    used 16536K, committed 17408K, reserved 425984K
}
Event: 145.836 GC heap after
{Heap after GC invocations=62 (full 0):
 garbage-first heap   total 412672K, used 228352K [0x0000000080000000, 0x0000000100000000)
  region size 1024K, 5 young (5120K), 5 survivors (5120K)
 Metaspace       used 119988K, committed 121792K, reserved 557056K
  class space    used 16536K, committed 17408K, reserved 425984K
}
Event: 150.077 GC heap before
{Heap before GC invocations=62 (full 0):
 garbage-first heap   total 412672K, used 339968K [0x0000000080000000, 0x0000000100000000)
  region size 1024K, 113 young (115712K), 5 survivors (5120K)
 Metaspace       used 120149K, committed 121920K, reserved 557056K
  class space    used 16549K, committed 17408K, reserved 425984K
}
Event: 150.099 GC heap after
{Heap after GC invocations=63 (full 0):
 garbage-first heap   total 412672K, used 232393K [0x0000000080000000, 0x0000000100000000)
  region size 1024K, 9 young (9216K), 9 survivors (9216K)
 Metaspace       used 120149K, committed 121920K, reserved 557056K
  class space    used 16549K, committed 17408K, reserved 425984K
}
Event: 154.003 GC heap before
{Heap before GC invocations=63 (full 0):
 garbage-first heap   total 412672K, used 340937K [0x0000000080000000, 0x0000000100000000)
  region size 1024K, 116 young (118784K), 9 survivors (9216K)
 Metaspace       used 120388K, committed 122240K, reserved 557056K
  class space    used 16571K, committed 17472K, reserved 425984K
}
Event: 154.028 GC heap after
{Heap after GC invocations=64 (full 0):
 garbage-first heap   total 412672K, used 236978K [0x0000000080000000, 0x0000000100000000)
  region size 1024K, 11 young (11264K), 11 survivors (11264K)
 Metaspace       used 120388K, committed 122240K, reserved 557056K
  class space    used 16571K, committed 17472K, reserved 425984K
}
Event: 157.589 GC heap before
{Heap before GC invocations=64 (full 0):
 garbage-first heap   total 412672K, used 342450K [0x0000000080000000, 0x0000000100000000)
  region size 1024K, 115 young (117760K), 11 survivors (11264K)
 Metaspace       used 120721K, committed 122496K, reserved 557056K
  class space    used 16603K, committed 17472K, reserved 425984K
}
Event: 157.620 GC heap after
{Heap after GC invocations=65 (full 0):
 garbage-first heap   total 412672K, used 241890K [0x0000000080000000, 0x0000000100000000)
  region size 1024K, 12 young (12288K), 12 survivors (12288K)
 Metaspace       used 120721K, committed 122496K, reserved 557056K
  class space    used 16603K, committed 17472K, reserved 425984K
}
Event: 160.248 GC heap before
{Heap before GC invocations=65 (full 0):
 garbage-first heap   total 412672K, used 344290K [0x0000000080000000, 0x0000000100000000)
  region size 1024K, 113 young (115712K), 12 survivors (12288K)
 Metaspace       used 120743K, committed 122560K, reserved 557056K
  class space    used 16604K, committed 17472K, reserved 425984K
}
Event: 160.281 GC heap after
{Heap after GC invocations=66 (full 0):
 garbage-first heap   total 412672K, used 244706K [0x0000000080000000, 0x0000000100000000)
  region size 1024K, 10 young (10240K), 10 survivors (10240K)
 Metaspace       used 120743K, committed 122560K, reserved 557056K
  class space    used 16604K, committed 17472K, reserved 425984K
}
Event: 163.403 GC heap before
{Heap before GC invocations=66 (full 0):
 garbage-first heap   total 412672K, used 347106K [0x0000000080000000, 0x0000000100000000)
  region size 1024K, 111 young (113664K), 10 survivors (10240K)
 Metaspace       used 122939K, committed 124800K, reserved 557056K
  class space    used 16861K, committed 17728K, reserved 425984K
}
Event: 163.448 GC heap after
{Heap after GC invocations=67 (full 0):
 garbage-first heap   total 412672K, used 247995K [0x0000000080000000, 0x0000000100000000)
  region size 1024K, 8 young (8192K), 8 survivors (8192K)
 Metaspace       used 122939K, committed 124800K, reserved 557056K
  class space    used 16861K, committed 17728K, reserved 425984K
}

